<?xml version="1.0" encoding="UTF-8"?>
<testng-results ignored="0" total="1" passed="1" failed="0" skipped="0">
  <reporter-output>
  </reporter-output>
  <suite started-at="2022-08-21T16:04:05 IST" name="Suite" finished-at="2022-08-21T16:04:12 IST" duration-ms="7377">
    <groups>
    </groups>
    <test started-at="2022-08-21T16:04:05 IST" name="Test" finished-at="2022-08-21T16:04:12 IST" duration-ms="7377">
      <class name="com.Test.TC_002">
        <test-method is-config="true" signature="BS()[pri:0, instance:com.Test.TC_002@5965d37]" started-at="2022-08-21T16:04:04 IST" name="BS" finished-at="2022-08-21T16:04:05 IST" duration-ms="456" status="PASS">
          <reporter-output>
          </reporter-output>
        </test-method> <!-- BS -->
        <test-method is-config="true" signature="setUp()[pri:0, instance:com.Test.TC_002@5965d37]" started-at="2022-08-21T16:04:05 IST" name="setUp" finished-at="2022-08-21T16:04:08 IST" duration-ms="3514" status="PASS">
          <reporter-output>
          </reporter-output>
        </test-method> <!-- setUp -->
        <test-method signature="Verify_TestLogin_validCredential()[pri:0, instance:com.Test.TC_002@5965d37]" started-at="2022-08-21T16:04:08 IST" name="Verify_TestLogin_validCredential" finished-at="2022-08-21T16:04:08 IST" duration-ms="160" status="PASS">
          <reporter-output>
          </reporter-output>
        </test-method> <!-- Verify_TestLogin_validCredential -->
        <test-method is-config="true" signature="tearDown()[pri:0, instance:com.Test.TC_002@5965d37]" started-at="2022-08-21T16:04:10 IST" name="tearDown" finished-at="2022-08-21T16:04:12 IST" duration-ms="2412" status="PASS">
          <reporter-output>
          </reporter-output>
        </test-method> <!-- tearDown -->
      </class> <!-- com.Test.TC_002 -->
    </test> <!-- Test -->
  </suite> <!-- Suite -->
</testng-results>
